<?xml version="1.0" encoding="UTF-8"?>
<!-- Generated by org.testng.reporters.JUnitXMLReporter -->
<testsuite ignored="0" hostname="DESKTOP-POM6257" failures="0" tests="5" name="NxtTrendzTests" time="72.126" errors="0" timestamp="2024-07-14T17:34:56 IST">
  <testcase classname="LoginPageTest" name="loginWithValidCredentials" time="10.497"/>
  <testcase classname="LoginPageTest" name="loginWithValidCredentials" time="1.262"/>
  <testcase classname="LoginPageTest" name="loginWithInvalidCredentials" time="4.012"/>
  <testcase classname="HomePageTest" name="CheckHeadingElement" time="3.803"/>
  <testcase classname="HomePageTest" name="ClickOnShopNowButton" time="3.86"/>
</testsuite> <!-- NxtTrendzTests -->
