<?xml version="1.0" encoding="UTF-8"?>
<testng-results ignored="0" total="5" passed="5" failed="0" skipped="0">
  <reporter-output>
  </reporter-output>
  <suite started-at="2024-07-14T17:33:44 IST" name="NxtTrendzTestSuite" finished-at="2024-07-14T17:34:56 IST" duration-ms="72126">
    <groups>
    </groups>
    <test started-at="2024-07-14T17:33:44 IST" name="NxtTrendzTests" finished-at="2024-07-14T17:34:56 IST" duration-ms="72126">
      <class name="LoginPageTest">
        <test-method is-config="true" signature="setUp()[pri:0, instance:LoginPageTest@1c7696c6]" started-at="2024-07-14T17:33:44 IST" name="setUp" finished-at="2024-07-14T17:33:47 IST" duration-ms="2643" status="PASS">
          <reporter-output>
          </reporter-output>
        </test-method> <!-- setUp -->
        <test-method signature="loginWithValidCredentials(java.lang.String,java.lang.String)[pri:1, instance:LoginPageTest@1c7696c6]" started-at="2024-07-14T17:33:47 IST" name="loginWithValidCredentials" data-provider="loginData" finished-at="2024-07-14T17:33:57 IST" duration-ms="10497" status="PASS">
          <params>
            <param index="0">
              <value>
                <![CDATA[praneetha]]>
              </value>
            </param>
            <param index="1">
              <value>
                <![CDATA[praneetha@2021]]>
              </value>
            </param>
          </params>
          <reporter-output>
          </reporter-output>
        </test-method> <!-- loginWithValidCredentials -->
        <test-method is-config="true" signature="tearDown()[pri:0, instance:LoginPageTest@1c7696c6]" started-at="2024-07-14T17:33:57 IST" name="tearDown" finished-at="2024-07-14T17:33:57 IST" duration-ms="195" status="PASS">
          <reporter-output>
          </reporter-output>
        </test-method> <!-- tearDown -->
        <test-method is-config="true" signature="setUp()[pri:0, instance:LoginPageTest@1c7696c6]" started-at="2024-07-14T17:33:57 IST" name="setUp" finished-at="2024-07-14T17:34:09 IST" duration-ms="11870" status="PASS">
          <reporter-output>
          </reporter-output>
        </test-method> <!-- setUp -->
        <test-method signature="loginWithValidCredentials(java.lang.String,java.lang.String)[pri:1, instance:LoginPageTest@1c7696c6]" started-at="2024-07-14T17:34:09 IST" name="loginWithValidCredentials" data-provider="loginData" finished-at="2024-07-14T17:34:11 IST" duration-ms="1262" status="PASS">
          <params>
            <param index="0">
              <value>
                <![CDATA[rahul]]>
              </value>
            </param>
            <param index="1">
              <value>
                <![CDATA[rahul@2021]]>
              </value>
            </param>
          </params>
          <reporter-output>
          </reporter-output>
        </test-method> <!-- loginWithValidCredentials -->
        <test-method is-config="true" signature="tearDown()[pri:0, instance:LoginPageTest@1c7696c6]" started-at="2024-07-14T17:34:11 IST" name="tearDown" finished-at="2024-07-14T17:34:11 IST" duration-ms="160" status="PASS">
          <reporter-output>
          </reporter-output>
        </test-method> <!-- tearDown -->
        <test-method is-config="true" signature="setUp()[pri:0, instance:LoginPageTest@1c7696c6]" started-at="2024-07-14T17:34:11 IST" name="setUp" finished-at="2024-07-14T17:34:22 IST" duration-ms="11663" status="PASS">
          <reporter-output>
          </reporter-output>
        </test-method> <!-- setUp -->
        <test-method signature="loginWithInvalidCredentials()[pri:2, instance:LoginPageTest@1c7696c6]" started-at="2024-07-14T17:34:22 IST" name="loginWithInvalidCredentials" finished-at="2024-07-14T17:34:26 IST" duration-ms="4012" status="PASS">
          <reporter-output>
          </reporter-output>
        </test-method> <!-- loginWithInvalidCredentials -->
        <test-method is-config="true" signature="tearDown()[pri:0, instance:LoginPageTest@1c7696c6]" started-at="2024-07-14T17:34:26 IST" name="tearDown" finished-at="2024-07-14T17:34:27 IST" duration-ms="182" status="PASS">
          <reporter-output>
          </reporter-output>
        </test-method> <!-- tearDown -->
      </class> <!-- LoginPageTest -->
      <class name="HomePageTest">
        <test-method is-config="true" signature="setUp()[pri:0, instance:HomePageTest@75437611]" started-at="2024-07-14T17:34:27 IST" name="setUp" finished-at="2024-07-14T17:34:36 IST" duration-ms="9262" status="PASS">
          <reporter-output>
          </reporter-output>
        </test-method> <!-- setUp -->
        <test-method signature="CheckHeadingElement()[pri:0, instance:HomePageTest@75437611]" started-at="2024-07-14T17:34:36 IST" name="CheckHeadingElement" finished-at="2024-07-14T17:34:40 IST" duration-ms="3803" status="PASS">
          <reporter-output>
          </reporter-output>
        </test-method> <!-- CheckHeadingElement -->
        <test-method is-config="true" signature="tearDown()[pri:0, instance:HomePageTest@75437611]" started-at="2024-07-14T17:34:40 IST" name="tearDown" finished-at="2024-07-14T17:34:40 IST" duration-ms="192" status="PASS">
          <reporter-output>
          </reporter-output>
        </test-method> <!-- tearDown -->
        <test-method is-config="true" signature="setUp()[pri:0, instance:HomePageTest@75437611]" started-at="2024-07-14T17:34:40 IST" name="setUp" finished-at="2024-07-14T17:34:52 IST" duration-ms="12215" status="PASS">
          <reporter-output>
          </reporter-output>
        </test-method> <!-- setUp -->
        <test-method signature="ClickOnShopNowButton()[pri:0, instance:HomePageTest@75437611]" started-at="2024-07-14T17:34:52 IST" name="ClickOnShopNowButton" finished-at="2024-07-14T17:34:56 IST" duration-ms="3860" status="PASS">
          <reporter-output>
          </reporter-output>
        </test-method> <!-- ClickOnShopNowButton -->
        <test-method is-config="true" signature="tearDown()[pri:0, instance:HomePageTest@75437611]" started-at="2024-07-14T17:34:56 IST" name="tearDown" finished-at="2024-07-14T17:34:56 IST" duration-ms="211" status="PASS">
          <reporter-output>
          </reporter-output>
        </test-method> <!-- tearDown -->
      </class> <!-- HomePageTest -->
    </test> <!-- NxtTrendzTests -->
  </suite> <!-- NxtTrendzTestSuite -->
</testng-results>
